edu.stsci.gms.GMSException: No privilege for attempted operation
	at edu.stsci.gms.ext.bs.GMSUrls.simpleObjectCase(GMSUrls.java:493)
	at edu.stsci.gms.ext.bs.GMSUrls.simpleObjectCase(GMSUrls.java:466)
	at edu.stsci.gms.ext.bs.GMSData.updatePID(GMSData.java:716)
	at edu.stsci.gms.ext.bs.GMSAppData.updatePID(GMSAppData.java:481)
	at edu.stsci.gms.ext.ui.GMSGrantInfoScreen$InfoPanel$1.actionPerformed(GMSGrantInfoScreen.java:214)
	at javax.swing.AbstractButton.fireActionPerformed(AbstractButton.java:1849)
	at edu.stsci.gms.ui.GMSButton.fireActionPerformed(GMSButton.java:66)
	at javax.swing.AbstractButton$Handler.actionPerformed(AbstractButton.java:2169)
	at javax.swing.DefaultButtonModel.fireActionPerformed(DefaultButtonModel.java:420)
	at javax.swing.DefaultButtonModel.setPressed(DefaultButtonModel.java:258)
	at javax.swing.plaf.basic.BasicButtonListener.mouseReleased(BasicButtonListener.java:236)
	at java.awt.Component.processMouseEvent(Component.java:5488)
	at javax.swing.JComponent.processMouseEvent(JComponent.java:3126)
	at java.awt.Component.processEvent(Component.java:5253)
	at java.awt.Container.processEvent(Container.java:1966)
	at java.awt.Component.dispatchEventImpl(Component.java:3955)
	at java.awt.Container.dispatchEventImpl(Container.java:2024)
	at java.awt.Component.dispatchEvent(Component.java:3803)
	at java.awt.LightweightDispatcher.retargetMouseEvent(Container.java:4212)
	at java.awt.LightweightDispatcher.processMouseEvent(Container.java:3892)
	at java.awt.LightweightDispatcher.dispatchEvent(Container.java:3822)
	at java.awt.Container.dispatchEventImpl(Container.java:2010)
	at java.awt.Window.dispatchEventImpl(Window.java:1778)
	at java.awt.Component.dispatchEvent(Component.java:3803)
	at java.awt.EventQueue.dispatchEvent(EventQueue.java:463)
	at java.awt.EventDispatchThread.pumpOneEventForHierarchy(EventDispatchThread.java:242)
	at java.awt.EventDispatchThread.pumpEventsForHierarchy(EventDispatchThread.java:163)
	at java.awt.EventDispatchThread.pumpEvents(EventDispatchThread.java:157)
	at java.awt.EventDispatchThread.pumpEvents(EventDispatchThread.java:149)
	at java.awt.EventDispatchThread.run(EventDispatchThread.java:110)
Remote trace:
edu.stsci.gms.GMSException: No privilege for attempted operation
	at edu.stsci.gms.backend.bs.GMSData.checkGrantPrivilege(GMSData.java:985)
	at edu.stsci.gms.backend.bs.GMSData.updatePID(GMSData.java:1772)
	at edu.stsci.gms.backend.servlet.updatePID.objectServlet(updatePID.java:18)
	at edu.stsci.gms.backend.servlet.objectServletBase.doGet(objectServletBase.java:50)
	at edu.stsci.gms.backend.servlet.servletBase.doPost(servletBase.java:20)
	at javax.servlet.http.HttpServlet.service(HttpServlet.java:637)
	at javax.servlet.http.HttpServlet.service(HttpServlet.java:717)
	at org.apache.catalina.core.ApplicationFilterChain.internalDoFilter(ApplicationFilterChain.java:290)
	at org.apache.catalina.core.ApplicationFilterChain.doFilter(ApplicationFilterChain.java:206)
	at org.apache.catalina.core.StandardWrapperValve.invoke(StandardWrapperValve.java:233)
	at org.apache.catalina.core.StandardContextValve.invoke(StandardContextValve.java:191)
	at org.apache.catalina.core.StandardHostValve.invoke(StandardHostValve.java:128)
	at org.apache.catalina.valves.ErrorReportValve.invoke(ErrorReportValve.java:102)
	at org.apache.catalina.core.StandardEngineValve.invoke(StandardEngineValve.java:109)
	at org.apache.catalina.connector.CoyoteAdapter.service(CoyoteAdapter.java:293)
	at org.apache.jk.server.JkCoyoteHandler.invoke(JkCoyoteHandler.java:190)
	at org.apache.jk.common.HandlerRequest.invoke(HandlerRequest.java:291)
	at org.apache.jk.common.ChannelSocket.invoke(ChannelSocket.java:769)
	at org.apache.jk.common.ChannelSocket.processConnection(ChannelSocket.java:698)
	at org.apache.jk.common.ChannelSocket$SocketConnection.runIt(ChannelSocket.java:891)
	at org.apache.tomcat.util.threads.ThreadPool$ControlRunnable.run(ThreadPool.java:690)
	at java.lang.Thread.run(Thread.java:595)
