icc -c -O -DX11_exists -I/usr/X11R6/include -Dlinux -DFORT -DUNIX -I/usr/include/bsd cmemory.c
cmemory.c(25): error: identifier "cctapewrite" is undefined
  ATUS(cctapewrite) (location,isr,ier,isc,iec)
  ^

cmemory.c(28): error: identifier "tapewrite" is undefined
    ATUS(tapewrite) (*location,isr,ier,isc,iec);
    ^

cmemory.c(28): error: expected a type specifier
    ATUS(tapewrite) (*location,isr,ier,isc,iec);
                     ^

cmemory.c(28): error: parameter "isr" is not a type name
    ATUS(tapewrite) (*location,isr,ier,isc,iec);
                               ^

cmemory.c(28): error: parameter "ier" is not a type name
    ATUS(tapewrite) (*location,isr,ier,isc,iec);
                                   ^

cmemory.c(28): error: parameter "isc" is not a type name
    ATUS(tapewrite) (*location,isr,ier,isc,iec);
                                       ^

cmemory.c(28): error: parameter "iec" is not a type name
    ATUS(tapewrite) (*location,isr,ier,isc,iec);
                                           ^

cmemory.c(31): error: identifier "ccaverage" is undefined
  ATUS(ccaverage) (location,isr,ier,isc,iec)
  ^

cmemory.c(31): error: function "_" has already been defined
  ATUS(ccaverage) (location,isr,ier,isc,iec)
  ^

cmemory.c(34): error: identifier "average" is undefined
    ATUS(average) (*location,isr,ier,isc,iec);
    ^

cmemory.c(34): error: expected a type specifier
    ATUS(average) (*location,isr,ier,isc,iec);
                   ^

cmemory.c(34): error: parameter "isr" is not a type name
    ATUS(average) (*location,isr,ier,isc,iec);
                             ^

cmemory.c(34): error: parameter "ier" is not a type name
    ATUS(average) (*location,isr,ier,isc,iec);
                                 ^

cmemory.c(34): error: parameter "isc" is not a type name
    ATUS(average) (*location,isr,ier,isc,iec);
                                     ^

cmemory.c(34): error: parameter "iec" is not a type name
    ATUS(average) (*location,isr,ier,isc,iec);
                                         ^

cmemory.c(37): error: identifier "ccoldsky" is undefined
  ATUS(ccoldsky) (location,isr,ier,isc,iec)
  ^

cmemory.c(37): error: function "_" has already been defined
  ATUS(ccoldsky) (location,isr,ier,isc,iec)
  ^

cmemory.c(40): error: identifier "oldsky" is undefined
    ATUS(oldsky) (*location,isr,ier,isc,iec);
    ^

cmemory.c(40): error: expected a type specifier
    ATUS(oldsky) (*location,isr,ier,isc,iec);
                  ^

cmemory.c(40): error: parameter "isr" is not a type name
    ATUS(oldsky) (*location,isr,ier,isc,iec);
                            ^

cmemory.c(40): error: parameter "ier" is not a type name
    ATUS(oldsky) (*location,isr,ier,isc,iec);
                                ^

cmemory.c(40): error: parameter "isc" is not a type name
    ATUS(oldsky) (*location,isr,ier,isc,iec);
                                    ^

cmemory.c(40): error: parameter "iec" is not a type name
    ATUS(oldsky) (*location,isr,ier,isc,iec);
                                        ^

cmemory.c(43): error: identifier "ccsky" is undefined
  ATUS(ccsky) (location,nr,nc)
  ^

cmemory.c(43): error: function "_" has already been defined
  ATUS(ccsky) (location,nr,nc)
  ^

cmemory.c(46): error: identifier "sky" is undefined
    ATUS(sky) (*location,nr,nc);
    ^

cmemory.c(46): error: expected a type specifier
    ATUS(sky) (*location,nr,nc);
               ^

cmemory.c(46): error: parameter "nr" is not a type name
    ATUS(sky) (*location,nr,nc);
                         ^

cmemory.c(46): error: parameter "nc" is not a type name
    ATUS(sky) (*location,nr,nc);
                            ^

cmemory.c(46): warning #159: declaration is incompatible with previous "_" (declared at line 25)
    ATUS(sky) (*location,nr,nc);
    ^

cmemory.c(49): error: identifier "ccwsky" is undefined
  ATUS(ccwsky) (location,nr,nc)
  ^

cmemory.c(49): error: function "_" has already been defined
  ATUS(ccwsky) (location,nr,nc)
  ^

cmemory.c(52): error: identifier "wsky" is undefined
    ATUS(wsky) (*location,nr,nc);
    ^

cmemory.c(52): error: expected a type specifier
    ATUS(wsky) (*location,nr,nc);
                ^

cmemory.c(52): error: parameter "nr" is not a type name
    ATUS(wsky) (*location,nr,nc);
                          ^

cmemory.c(52): error: parameter "nc" is not a type name
    ATUS(wsky) (*location,nr,nc);
                             ^

cmemory.c(52): warning #159: declaration is incompatible with previous "_" (declared at line 25)
    ATUS(wsky) (*location,nr,nc);
    ^

cmemory.c(55): error: identifier "ccanalbox" is undefined
  ATUS(ccanalbox) (location,isr,ier,isc,iec)
  ^

cmemory.c(55): error: function "_" has already been defined
  ATUS(ccanalbox) (location,isr,ier,isc,iec)
  ^

cmemory.c(58): error: identifier "analbox" is undefined
    ATUS(analbox) (*location,isr,ier,isc,iec);
    ^

cmemory.c(58): error: expected a type specifier
    ATUS(analbox) (*location,isr,ier,isc,iec);
                   ^

cmemory.c(58): error: parameter "isr" is not a type name
    ATUS(analbox) (*location,isr,ier,isc,iec);
                             ^

cmemory.c(58): error: parameter "ier" is not a type name
    ATUS(analbox) (*location,isr,ier,isc,iec);
                                 ^

cmemory.c(58): error: parameter "isc" is not a type name
    ATUS(analbox) (*location,isr,ier,isc,iec);
                                     ^

cmemory.c(58): error: parameter "iec" is not a type name
    ATUS(analbox) (*location,isr,ier,isc,iec);
                                         ^

cmemory.c(61): error: identifier "ccaxes" is undefined
  ATUS(ccaxes) (location,isr,ier,isc,iec)
  ^

cmemory.c(61): error: function "_" has already been defined
  ATUS(ccaxes) (location,isr,ier,isc,iec)
  ^

cmemory.c(64): error: identifier "axes" is undefined
    ATUS(axes) (*location,isr,ier,isc,iec);
    ^

cmemory.c(64): error: expected a type specifier
    ATUS(axes) (*location,isr,ier,isc,iec);
                ^

cmemory.c(64): error: parameter "isr" is not a type name
    ATUS(axes) (*location,isr,ier,isc,iec);
                          ^

cmemory.c(64): error: parameter "ier" is not a type name
    ATUS(axes) (*location,isr,ier,isc,iec);
                              ^

cmemory.c(64): error: parameter "isc" is not a type name
    ATUS(axes) (*location,isr,ier,isc,iec);
                                  ^

cmemory.c(64): error: parameter "iec" is not a type name
    ATUS(axes) (*location,isr,ier,isc,iec);
                                      ^

cmemory.c(67): error: identifier "cconeimagemath" is undefined
  ATUS(cconeimagemath) (location,isr,ier,isc,iec)
  ^

cmemory.c(67): error: function "_" has already been defined
  ATUS(cconeimagemath) (location,isr,ier,isc,iec)
  ^

cmemory.c(70): error: identifier "oneimagemath" is undefined
    ATUS(oneimagemath) (*location,isr,ier,isc,iec);
    ^

cmemory.c(70): error: expected a type specifier
    ATUS(oneimagemath) (*location,isr,ier,isc,iec);
                        ^

cmemory.c(70): error: parameter "isr" is not a type name
    ATUS(oneimagemath) (*location,isr,ier,isc,iec);
                                  ^

cmemory.c(70): error: parameter "ier" is not a type name
    ATUS(oneimagemath) (*location,isr,ier,isc,iec);
                                      ^

cmemory.c(70): error: parameter "isc" is not a type name
    ATUS(oneimagemath) (*location,isr,ier,isc,iec);
                                          ^

cmemory.c(70): error: parameter "iec" is not a type name
    ATUS(oneimagemath) (*location,isr,ier,isc,iec);
                                              ^

cmemory.c(73): error: identifier "ccdoatan2" is undefined
  ATUS(ccdoatan2) (location,isr,ier,isc,iec,locb,jsr,jer,jsc,jec)
  ^

cmemory.c(73): error: function "_" has already been defined
  ATUS(ccdoatan2) (location,isr,ier,isc,iec,locb,jsr,jer,jsc,jec)
  ^

cmemory.c(77): error: identifier "doatan2" is undefined
    ATUS(doatan2) (*location,isr,ier,isc,iec,*locb,jsr,jer,jsc,jec);
    ^

cmemory.c(77): error: expected a type specifier
    ATUS(doatan2) (*location,isr,ier,isc,iec,*locb,jsr,jer,jsc,jec);
                   ^

cmemory.c(77): error: parameter "isr" is not a type name
    ATUS(doatan2) (*location,isr,ier,isc,iec,*locb,jsr,jer,jsc,jec);
                             ^

cmemory.c(77): error: parameter "ier" is not a type name
    ATUS(doatan2) (*location,isr,ier,isc,iec,*locb,jsr,jer,jsc,jec);
                                 ^

cmemory.c(77): error: parameter "isc" is not a type name
    ATUS(doatan2) (*location,isr,ier,isc,iec,*locb,jsr,jer,jsc,jec);
                                     ^

cmemory.c(77): error: parameter "iec" is not a type name
    ATUS(doatan2) (*location,isr,ier,isc,iec,*locb,jsr,jer,jsc,jec);
                                         ^

cmemory.c(77): error: expected a type specifier
    ATUS(doatan2) (*location,isr,ier,isc,iec,*locb,jsr,jer,jsc,jec);
                                             ^

cmemory.c(77): error: parameter "jsr" is not a type name
    ATUS(doatan2) (*location,isr,ier,isc,iec,*locb,jsr,jer,jsc,jec);
                                                   ^

cmemory.c(77): error: parameter "jer" is not a type name
    ATUS(doatan2) (*location,isr,ier,isc,iec,*locb,jsr,jer,jsc,jec);
                                                       ^

cmemory.c(77): error: parameter "jsc" is not a type name
    ATUS(doatan2) (*location,isr,ier,isc,iec,*locb,jsr,jer,jsc,jec);
                                                           ^

cmemory.c(77): error: parameter "jec" is not a type name
    ATUS(doatan2) (*location,isr,ier,isc,iec,*locb,jsr,jer,jsc,jec);
                                                               ^

cmemory.c(77): warning #159: declaration is incompatible with previous "_" (declared at line 25)
    ATUS(doatan2) (*location,isr,ier,isc,iec,*locb,jsr,jer,jsc,jec);
    ^

cmemory.c(80): error: identifier "ccbaseline" is undefined
  ATUS(ccbaseline) (location,nr,nc)
  ^

cmemory.c(80): error: function "_" has already been defined
  ATUS(ccbaseline) (location,nr,nc)
  ^

cmemory.c(83): error: identifier "baseline" is undefined
    ATUS(baseline) (*location,nr,nc);
    ^

cmemory.c(83): error: expected a type specifier
    ATUS(baseline) (*location,nr,nc);
                    ^

cmemory.c(83): error: parameter "nr" is not a type name
    ATUS(baseline) (*location,nr,nc);
                              ^

cmemory.c(83): error: parameter "nc" is not a type name
    ATUS(baseline) (*location,nr,nc);
                                 ^

cmemory.c(83): warning #159: declaration is incompatible with previous "_" (declared at line 25)
    ATUS(baseline) (*location,nr,nc);
    ^

cmemory.c(86): error: identifier "ccclip" is undefined
  ATUS(ccclip) (location,isr,ier,isc,iec)
  ^

cmemory.c(86): error: function "_" has already been defined
  ATUS(ccclip) (location,isr,ier,isc,iec)
  ^

cmemory.c(89): error: identifier "clip" is undefined
    ATUS(clip) (*location,isr,ier,isc,iec);
    ^

cmemory.c(89): error: expected a type specifier
    ATUS(clip) (*location,isr,ier,isc,iec);
                ^

cmemory.c(89): error: parameter "isr" is not a type name
    ATUS(clip) (*location,isr,ier,isc,iec);
                          ^

cmemory.c(89): error: parameter "ier" is not a type name
    ATUS(clip) (*location,isr,ier,isc,iec);
                              ^

cmemory.c(89): error: parameter "isc" is not a type name
    ATUS(clip) (*location,isr,ier,isc,iec);
                                  ^

cmemory.c(89): error: parameter "iec" is not a type name
    ATUS(clip) (*location,isr,ier,isc,iec);
                                      ^

cmemory.c(92): error: identifier "ccrotate" is undefined
  ATUS(ccrotate) (location,isr,ier,isc,iec)
  ^

cmemory.c(92): error: function "_" has already been defined
  ATUS(ccrotate) (location,isr,ier,isc,iec)
  ^

cmemory.c(95): error: identifier "rotate" is undefined
    ATUS(rotate) (*location,isr,ier,isc,iec);
    ^

cmemory.c(95): error: expected a type specifier
    ATUS(rotate) (*location,isr,ier,isc,iec);
                  ^

cmemory.c(95): error: parameter "isr" is not a type name
    ATUS(rotate) (*location,isr,ier,isc,iec);
                            ^

cmemory.c(95): error: parameter "ier" is not a type name
    ATUS(rotate) (*location,isr,ier,isc,iec);
                                ^

cmemory.c(95): error: parameter "isc" is not a type name
    ATUS(rotate) (*location,isr,ier,isc,iec);
                                    ^

cmemory.c(95): error: parameter "iec" is not a type name
    ATUS(rotate) (*location,isr,ier,isc,iec);
                                        ^

cmemory.c(98): error: identifier "ccflip" is undefined
  ATUS(ccflip) (location,isr,ier,isc,iec)
  ^

cmemory.c(98): error: function "_" has already been defined
  ATUS(ccflip) (location,isr,ier,isc,iec)
  ^

cmemory.c(101): error: identifier "flip" is undefined
    ATUS(flip) (*location,isr,ier,isc,iec);
    ^

cmemory.c(101): error: expected a type specifier
    ATUS(flip) (*location,isr,ier,isc,iec);
                ^

cmemory.c(101): error: parameter "isr" is not a type name
    ATUS(flip) (*location,isr,ier,isc,iec);
                          ^

cmemory.c(101): error: parameter "ier" is not a type name
    ATUS(flip) (*location,isr,ier,isc,iec);
                              ^

compilation aborted for cmemory.c (code 4)
make: *** [../../lib/base.linux.a(cmemory.o)] Error 4
