OFFSET ) THEN
APPEND ) THEN
FIND ) THEN
MULTISTAR ) THEN
PHOTOMETRY ) THEN
OPTIONS ) THEN
MONITOR ) THEN
NOMONITOR ) THEN
SORT ) THEN
NMAG ) THEN
GROUP ) THEN
OLDGROUP ) THEN
SELECT ) THEN
DAOSKY ) THEN
PSF ) THEN
PEAK ) THEN
NSTAR ) THEN
NULTISTAR ) THEN
ADD*  
ADDSTAR
DAOLIB ) THEN
SUB*  
SUBSTAR 
DUMP ) THEN
COMBINE ) THEN
MAGAVER ) THEN
CLEAR ) THEN
TERM ) THEN
PLOT  .OR.
LINE ) THEN
RPLOT ) THEN
TVRPLOT ) THEN
CONTOUR  .OR. COM .EQ. 
MCON ) THEN
HISTOGRAM ) THEN
3D  .OR. COM .EQ. 
THREED  .OR.
PLOT3D ) THEN
TV ) THEN
BLINK ) THEN
ITV  .OR. COM .EQ. 
MARKSTAR ) THEN
POSTIT  .OR. COM .EQ. 
IMPOST ) THEN
COLOR ) THEN
TVBOX ) THEN
TVPLOT ) THEN
GRYKEY ) THEN
TEXT ) THEN
OVERLAY ) THEN
ALIGN ) THEN
MASK  .OR.
UNMASK ) THEN
MN ) THEN
OLDSKY ) THEN
SKY  .OR. COM .EQ. 
TODSKY  .OR.
SKY4 ) THEN
WSKY ) THEN
ABX ) THEN
BIN ) THEN
REPLICATE ) THEN
SURFACE ) THEN
SHIFT ) THEN
SMOOTH ) THEN
ZAP  .OR. COM .EQ. 
LZAP ) THEN
TVZAP  .OR. COM .EQ. 
ZAPTV ) THEN
BIGMEDIAN ) THEN
REJECT ) THEN
MEDIAN ) THEN
MIN ) THEN
MAX ) THEN
SIG ) THEN
CROSS ) THEN
CONVOLVE ) THEN
INTERP ) THEN
MERGE ) THEN
REGISTAR ) THEN
AXES ) THEN
ADD   .OR.
SUBTRACT  .OR.
MULTIPLY  .OR.
DIVIDE )  THEN
TAN  .OR. COM .EQ. 
SIN  .OR.
COS  .OR. COM .EQ. 
ARCTAN  .OR.
LOG  .OR. COM .EQ. 
EXP  .OR.
LN  .OR.  COM .EQ. 
ONEOVER  .OR. 
NINT  .OR. COM .EQ. 
SQRT ) THEN
ATAN2 ) THEN
BL ) THEN
CLIP ) THEN
ROTATE ) THEN
FLIP ) THEN
ROWFIT ) THEN
FFT  .OR. COM .EQ. 
IFFT ) THEN
FILT ) THEN
POWERS  .OR.
CDIV  .OR.
CMUL  .OR.
CABS  .OR.
CONJ  .OR.
IMAG  .OR.
REAL  .OR.
CMPLX ) THEN
FLAT ) THEN
ROUND  .OR.
POLARGRID ) THEN
PSFMODEL ) THEN
PSFTRANS ) THEN
LINCOMB ) THEN
MARKPOLY ) THEN
HISTLIST ) THEN
COLFIX ) THEN
AREA ) THEN
ATODSIM ) THEN
ATODFIX ) THEN
RANCR ) THEN
STREAK ) THEN
TABTRAN ) THEN
PRECS ) THEN
CD ) THEN
PICCRS ) THEN
DSSCOORD ) THEN
WFPC2DIST ) THEN
PHOTONS ) THEN
DEVAUC ) THEN
MASH ) THEN
EXTRACT ) THEN
STRETCH ) THEN
SPECTROID ) THEN
LINEID ) THEN
WSCALE ) THEN
EWAVE ) THEN
COPW ) THEN
EXTINCT ) THEN
FLUX  .OR.
FLUXSTAR ) THEN
SKYLINE ) THEN
POLY ) THEN
EXTSPEC ) THEN
FINDPEAK ) THEN
FINDSHIFT ) THEN
SPLINE ) THEN
ISPLINE ) THEN
SPINDEX ) THEN
FQUO) THEN
BLACKBODY ) THEN
FIND ) THEN
MULTISTAR ) THEN
VSUB*  .OR.
VSUBSTAR ) THEN
PHOTOMETRY ) THEN
SUBPHOT ) THEN
DAOSKY ) THEN
PSF ) THEN
ADD*  .OR. 
ADDSTAR ) THEN
DAOLIB ) THEN
OPTIONS  .OR. COM .EQ. 
MONITOR  .OR.
NOMONITOR ) THEN
SORT ) THEN
NMAG ) THEN
SELECT ) THEN
APPEND ) THEN
OFFSET ) THEN
OLDGROUP  .OR. COM .EQ. 
GROUP ) THEN
AUTOMARK ) THEN
APERSTAR  .OR.
APER* ) THEN
MODPHOT ) THEN
COORDS ) THEN
DAOPHOT ) THEN
PEAK ) THEN
NSTAR ) THEN
SUB*  .OR.
SUBSTAR ) THEN
DUMP ) THEN
DAOFILES ) THEN
REGISTER ) THEN
SHORTAP ) THEN
PLOTAP  .OR. COM .EQ. 
APCOR ) THEN
CORRECT ) THEN
FITSTAR  .OR.
FIT* ) THEN
. DOUB ) THEN
PSFFIT ) THEN
PLOTFOCUS ) THEN
PSFINTERP ) THEN
COMBINE ) THEN
MAGAVER ) THEN
PRADIAL  .OR. COM .EQ. 
CUT ) THEN
TEMPLATE ) THEN
RECON ) THEN
APER ) THEN
PROFILE ) THEN
ANNULUS ) THEN
AEDIT ) THEN
DOEDIT ) THEN
GPROF ) THEN
EMAG ) THEN
GPSAVE ) THEN
GPGET ) THEN
OPREP ) THEN
CLPREP ) THEN
RPREP ) THEN
WPREP ) THEN
RMARK ) THEN
EMARK ) THEN
TVPROF ) THEN
CPROF ) THEN
CLPROF ) THEN
SNUC ) THEN
HISTNUC ) THEN
RENUC ) THEN
EGAL ) THEN
ELLMAG ) THEN
SURFBRIGHT ) THEN
AUTOCEN ) THEN
SECTOR ) THEN
BDFIT2D ) THEN
RT ) THEN
WT ) THEN
INT ) THEN
MOUNT  .OR.
DISMOUNT ) THEN
TDIR ) THEN
SET  .OR.
TYPE  .OR.
ASK ) THEN
GETTIME ) THEN
PRINTF  .OR.
NPRINTF  .OR.
STRING ) THEN
OPEN ) THEN
CLOSE ) THEN
REWIND ) THEN
STAT ) THEN
SKIP ) THEN
READ ) THEN
CLOCK ) THEN
GO ) THEN
PARAMETER ) THEN
DO  .OR.
END_DO ) THEN
IF      .OR.
END_IF  .OR.
ELSE_IF .OR.
ELSE )   THEN
GOTO ) THEN
END  .OR. COM .EQ. 
STOP ) THEN
STOP) THEN
RETURN ) THEN
CALL ) THEN
DEBUGPROC ) THEN
PAUSE ) THEN
CONTINUE  .OR.
C ) THEN
RD ) THEN
WD ) THEN
COPY  .OR.
WINDOW ) THEN
BUFFERS ) THEN
DISPOSE ) THEN
SETDIR ) THEN
CREATE  .OR.
MASKTOIM ) THEN
CHANGE ) THEN
BOX ) THEN
SAVE  .OR. COM .EQ. 
GET ) THEN
PRINT ) THEN
HEDIT ) THEN
FITS  .OR. COM .EQ. 
UNFIT ) THEN
HEADCON ) THEN
FIXHEAD ) THEN
SETUP ) THEN
HJD ) THEN
MEMORY ) THEN
DEF   .OR.
RDEF  .OR.
IDEF ) THEN
PEDIT ) THEN
SHOW ) THEN
RP  .OR.
WP ) THEN
HISTORY ) THEN
ALIAS  .OR.
UNALIAS ) THEN
VERIFY ) THEN
OLDHELP ) THEN
HELP ) THEN
BELL ) THEN
NEWS ) THEN
EOF ) THEN
ERROR ) THEN
QUIT ) THEN
